[2025-08-16 21:52:09] 24 root  INFO - Logging is successfully set up!
[2025-08-16 21:52:09] 25 root  WARNING - This is a warning message.
[2025-08-16 21:52:09] 26 root  ERROR - This is an error message.
[2025-08-16 21:52:15] 21 root  INFO - Initiating the data ingestion process...
[2025-08-16 21:52:21] 65 root  INFO - Performed train-test split on the dataframe.
[2025-08-16 21:52:21] 70 root  INFO - Exporting train and test file paths.
[2025-08-16 21:52:22] 77 root  INFO - Exported train and test files successfully.
[2025-08-16 21:52:22] 23 root  INFO - Data ingestion completed
[2025-08-16 21:52:22] 34 root  INFO - Initiating the data validation process...
[2025-08-16 21:52:22] 134 root  INFO - Starting data validation...
[2025-08-16 21:52:22] 40 root  INFO - Required number of columns: 50
[2025-08-16 21:52:22] 41 root  INFO - Dataframe has columns: 50
[2025-08-16 21:52:22] 40 root  INFO - Required number of columns: 50
[2025-08-16 21:52:22] 41 root  INFO - Dataframe has columns: 50
[2025-08-16 21:52:22] 66 root  INFO - All numerical columns are present in the dataframe.
[2025-08-16 21:52:22] 66 root  INFO - All numerical columns are present in the dataframe.
[2025-08-16 21:52:22] 174 root  INFO - No significant data drift detected between train and test datasets.
[2025-08-16 21:52:22] 176 root  INFO - Data validation completed successfully.
[2025-08-16 21:52:23] 36 root  INFO - Data validation completed
[2025-08-16 21:52:23] 39 root  INFO - Data ingestion and validation completed successfully.
[2025-08-16 21:52:23] 40 root  INFO - Train CSV Path: Artifacts\08_16_2025_21_52_11\data_ingestion\ingested\train.csv
[2025-08-16 21:52:23] 41 root  INFO - Test CSV Path: Artifacts\08_16_2025_21_52_11\data_ingestion\ingested\test.csv
[2025-08-16 21:52:23] 42 root  INFO - Feature Store Path: Artifacts\08_16_2025_21_52_11\data_ingestion\feature_store\phising_data.csv
[2025-08-16 21:52:23] 44 root  INFO - Validation Status: True
[2025-08-16 21:52:23] 45 root  INFO - Validation Train Path: Artifacts\08_16_2025_21_52_11\data_validation\validated\train.csv
[2025-08-16 21:52:23] 46 root  INFO - Validation Test Path: Artifacts\08_16_2025_21_52_11\data_validation\validated\test.csv
[2025-08-16 21:52:23] 47 root  INFO - Validation Message: Data validation completed successfully
